[0.007s] Invoking command in '/turtlebot3_ws/src/turtlebot3_simulations/tbot3_tutorials/build/tbot3_tutorials': CMAKE_PREFIX_PATH=${CMAKE_PREFIX_PATH}:/opt/ros/humble /usr/bin/cmake /turtlebot3_ws/src/turtlebot3_simulations/tbot3_tutorials -DCMAKE_INSTALL_PREFIX=/turtlebot3_ws/src/turtlebot3_simulations/tbot3_tutorials/install/tbot3_tutorials
[0.092s] -- The C compiler identification is GNU 11.4.0
[0.142s] -- The CXX compiler identification is GNU 11.4.0
[0.149s] -- Detecting C compiler ABI info
[0.202s] -- Detecting C compiler ABI info - done
[0.206s] -- Check for working C compiler: /usr/bin/cc - skipped
[0.206s] -- Detecting C compile features
[0.206s] -- Detecting C compile features - done
[0.209s] -- Detecting CXX compiler ABI info
[0.308s] -- Detecting CXX compiler ABI info - done
[0.312s] -- Check for working CXX compiler: /usr/bin/c++ - skipped
[0.312s] -- Detecting CXX compile features
[0.312s] -- Detecting CXX compile features - done
[0.317s] -- Found ament_cmake: 1.3.10 (/opt/ros/humble/share/ament_cmake/cmake)
[0.444s] -- Found Python3: /usr/bin/python3 (found version "3.10.12") found components: Interpreter 
[0.520s] -- Found rclcpp: 16.0.10 (/opt/ros/humble/share/rclcpp/cmake)
[0.567s] -- Found rosidl_generator_c: 3.1.5 (/opt/ros/humble/share/rosidl_generator_c/cmake)
[0.572s] -- Found rosidl_adapter: 3.1.5 (/opt/ros/humble/share/rosidl_adapter/cmake)
[0.581s] -- Found rosidl_generator_cpp: 3.1.5 (/opt/ros/humble/share/rosidl_generator_cpp/cmake)
[0.597s] -- Using all available rosidl_typesupport_c: rosidl_typesupport_fastrtps_c;rosidl_typesupport_introspection_c
[0.610s] -- Using all available rosidl_typesupport_cpp: rosidl_typesupport_fastrtps_cpp;rosidl_typesupport_introspection_cpp
[0.646s] -- Found rmw_implementation_cmake: 6.1.2 (/opt/ros/humble/share/rmw_implementation_cmake/cmake)
[0.649s] -- Found rmw_fastrtps_cpp: 6.2.7 (/opt/ros/humble/share/rmw_fastrtps_cpp/cmake)
[0.720s] -- Found OpenSSL: /usr/lib/x86_64-linux-gnu/libcrypto.so (found version "3.0.2")  
[0.741s] -- Found FastRTPS: /opt/ros/humble/include  
[0.772s] -- Using RMW implementation 'rmw_fastrtps_cpp' as default
[0.781s] -- Looking for pthread.h
[0.847s] -- Looking for pthread.h - found
[0.848s] -- Performing Test CMAKE_HAVE_LIBC_PTHREAD
[0.896s] -- Performing Test CMAKE_HAVE_LIBC_PTHREAD - Success
[0.896s] -- Found Threads: TRUE  
[0.936s] -- Found sensor_msgs: 4.2.4 (/opt/ros/humble/share/sensor_msgs/cmake)
[0.959s] -- Found tf2: 0.25.8 (/opt/ros/humble/share/tf2/cmake)
[0.974s] [33mCMake Warning (dev) at /usr/share/cmake-3.22/Modules/FindPackageHandleStandardArgs.cmake:438 (message):
[0.974s]   The package name passed to `find_package_handle_standard_args` (PkgConfig)
[0.974s]   does not match the name of the calling package (gazebo).  This can lead to
[0.974s]   problems in calling code that expects `find_package` result variables
[0.974s]   (e.g., `_FOUND`) to follow a certain pattern.
[0.974s] Call Stack (most recent call first):
[0.974s]   /usr/share/cmake-3.22/Modules/FindPkgConfig.cmake:99 (find_package_handle_standard_args)
[0.974s]   /usr/lib/x86_64-linux-gnu/cmake/gazebo/gazebo-config.cmake:72 (include)
[0.974s]   CMakeLists.txt:13 (find_package)
[0.974s] This warning is for project developers.  Use -Wno-dev to suppress it.
[0.974s] [0m
[0.974s] -- Found PkgConfig: /usr/bin/pkg-config (found version "0.29.2") 
[0.975s] -- Checking for module 'bullet>=2.82'
[0.984s] --   Found bullet, version 3.05
[1.118s] -- Found fcl: /usr/include (found suitable version "0.7.0", minimum required is "0.5.0") 
[1.175s] -- Found assimp: /usr/include (found version "5.2.0") 
[1.201s] -- Found DART: /usr/include (Required is at least version "6.6") found components: dart 
[1.231s] -- Found Boost: /usr/lib/x86_64-linux-gnu/cmake/Boost-1.74.0/BoostConfig.cmake (found suitable version "1.74.0", minimum required is "1.40.0") found components: thread system filesystem program_options regex iostreams date_time 
[1.243s] -- Found Protobuf: /usr/lib/x86_64-linux-gnu/libprotobuf.so (found version "3.12.4") 
[1.249s] -- Looking for ignition-math6 -- found version 6.15.1
[1.258s] -- Searching for dependencies of ignition-math6
[1.259s] -- Looking for OGRE...
[1.260s] -- OGRE_PREFIX_WATCH changed.
[1.264s] -- Checking for module 'OGRE'
[1.274s] --   Found OGRE, version 1.9.0
[1.315s] -- Found Ogre Ghadamon (1.9.0)
[1.323s] -- Found OGRE: optimized;/usr/lib/x86_64-linux-gnu/libOgreMain.so;debug;/usr/lib/x86_64-linux-gnu/libOgreMain.so
[1.330s] -- Looking for OGRE_Paging...
[1.333s] -- Found OGRE_Paging: optimized;/usr/lib/x86_64-linux-gnu/libOgrePaging.so;debug;/usr/lib/x86_64-linux-gnu/libOgrePaging.so
[1.333s] -- Looking for OGRE_Terrain...
[1.335s] -- Found OGRE_Terrain: optimized;/usr/lib/x86_64-linux-gnu/libOgreTerrain.so;debug;/usr/lib/x86_64-linux-gnu/libOgreTerrain.so
[1.335s] -- Looking for OGRE_Property...
[1.337s] -- Found OGRE_Property: optimized;/usr/lib/x86_64-linux-gnu/libOgreProperty.so;debug;/usr/lib/x86_64-linux-gnu/libOgreProperty.so
[1.337s] -- Looking for OGRE_RTShaderSystem...
[1.340s] -- Found OGRE_RTShaderSystem: optimized;/usr/lib/x86_64-linux-gnu/libOgreRTShaderSystem.so;debug;/usr/lib/x86_64-linux-gnu/libOgreRTShaderSystem.so
[1.340s] -- Looking for OGRE_Volume...
[1.342s] -- Found OGRE_Volume: optimized;/usr/lib/x86_64-linux-gnu/libOgreVolume.so;debug;/usr/lib/x86_64-linux-gnu/libOgreVolume.so
[1.342s] -- Looking for OGRE_Overlay...
[1.345s] -- Found OGRE_Overlay: optimized;/usr/lib/x86_64-linux-gnu/libOgreOverlay.so;debug;/usr/lib/x86_64-linux-gnu/libOgreOverlay.so
[1.393s] -- Looking for ignition-math6 -- found version 6.15.1
[1.395s] -- Looking for ignition-transport8 -- found version 8.2.1
[1.396s] -- Searching for dependencies of ignition-transport8
[1.411s] -- Found Protobuf: /usr/lib/x86_64-linux-gnu/libprotobuf.so (found suitable version "3.12.4", minimum required is "3") 
[1.422s] -- Config-file not installed for ZeroMQ -- checking for pkg-config
[1.427s] -- Checking for module 'libzmq >= 4'
[1.438s] --   Found libzmq , version 4.3.4
[1.466s] -- Found ZeroMQ: TRUE (Required is at least version "4") 
[1.471s] -- Checking for module 'uuid'
[1.479s] --   Found uuid, version 2.37.2
[1.512s] -- Found UUID: TRUE  
[1.517s] -- Looking for ignition-msgs5 -- found version 5.8.1
[1.518s] -- Searching for dependencies of ignition-msgs5
[1.539s] -- Looking for ignition-math6 -- found version 6.15.1
[1.545s] -- Checking for module 'tinyxml2'
[1.563s] --   Found tinyxml2, version 9.0.0
[1.600s] -- Looking for ignition-msgs5 -- found version 5.8.1
[1.603s] -- Looking for ignition-common3 -- found version 3.14.0
[1.604s] -- Searching for dependencies of ignition-common3
[1.604s] -- Looking for dlfcn.h - found
[1.605s] -- Looking for libdl - found
[1.606s] -- Found DL: TRUE  
[1.620s] -- Found tinyobjloader: /usr/lib/x86_64-linux-gnu/cmake/tinyobjloader/tinyobjloader-config.cmake (found version "2.0.0") 
[1.621s] -- Searching for <ignition-common3> component [graphics]
[1.624s] -- Looking for ignition-common3-graphics -- found version 3.14.0
[1.625s] -- Searching for dependencies of ignition-common3-graphics
[1.625s] -- Looking for ignition-math6 -- found version 6.15.1
[1.629s] -- Looking for ignition-fuel_tools4 -- found version 4.4.0
[1.629s] -- Searching for dependencies of ignition-fuel_tools4
[1.703s] -- Found CURL: /usr/lib/x86_64-linux-gnu/libcurl.so (found version "7.81.0")  
[1.710s] -- Checking for module 'jsoncpp'
[1.723s] --   Found jsoncpp, version 1.9.5
[1.752s] -- Found JSONCPP: TRUE  
[1.761s] -- Checking for module 'libzip'
[1.772s] --   Found libzip, version 1.7.3
[1.806s] -- Found ZIP: TRUE  
[1.806s] -- Looking for ignition-common3 -- found version 3.14.0
[1.807s] -- Looking for ignition-math6 -- found version 6.15.1
[1.807s] -- Looking for ignition-msgs5 -- found version 5.8.1
[1.815s] -- Found gazebo_ros_pkgs: 3.7.0 (/opt/ros/humble/share/gazebo_ros_pkgs/cmake)
[1.818s] -- Found nav_msgs: 4.2.4 (/opt/ros/humble/share/nav_msgs/cmake)
[1.835s] -- Found tf2_msgs: 0.25.8 (/opt/ros/humble/share/tf2_msgs/cmake)
[1.870s] -- Found turtlebot3_msgs: 2.2.3 (/opt/ros/humble/share/turtlebot3_msgs/cmake)
[1.882s] -- Found ament_lint_auto: 0.12.11 (/opt/ros/humble/share/ament_lint_auto/cmake)
[1.940s] -- Added test 'cppcheck' to perform static code analysis on C / C++ code
[1.940s] -- Configured cppcheck include dirs: /turtlebot3_ws/src/turtlebot3_simulations/tbot3_tutorials/include
[1.940s] -- Configured cppcheck exclude dirs and/or files: 
[1.942s] -- Added test 'lint_cmake' to check CMake code style
[1.946s] -- Added test 'uncrustify' to check C / C++ code style
[1.946s] -- Configured uncrustify additional arguments: 
[1.947s] -- Added test 'xmllint' to check XML markup files
[1.948s] -- Configuring done
[1.951s] -- Generating done
[1.953s] -- Build files have been written to: /turtlebot3_ws/src/turtlebot3_simulations/tbot3_tutorials/build/tbot3_tutorials
[1.960s] Invoked command in '/turtlebot3_ws/src/turtlebot3_simulations/tbot3_tutorials/build/tbot3_tutorials' returned '0': CMAKE_PREFIX_PATH=${CMAKE_PREFIX_PATH}:/opt/ros/humble /usr/bin/cmake /turtlebot3_ws/src/turtlebot3_simulations/tbot3_tutorials -DCMAKE_INSTALL_PREFIX=/turtlebot3_ws/src/turtlebot3_simulations/tbot3_tutorials/install/tbot3_tutorials
[1.961s] Invoking command in '/turtlebot3_ws/src/turtlebot3_simulations/tbot3_tutorials/build/tbot3_tutorials': CMAKE_PREFIX_PATH=${CMAKE_PREFIX_PATH}:/opt/ros/humble /usr/bin/cmake --build /turtlebot3_ws/src/turtlebot3_simulations/tbot3_tutorials/build/tbot3_tutorials -- -j20 -l20
[2.003s] Invoked command in '/turtlebot3_ws/src/turtlebot3_simulations/tbot3_tutorials/build/tbot3_tutorials' returned '0': CMAKE_PREFIX_PATH=${CMAKE_PREFIX_PATH}:/opt/ros/humble /usr/bin/cmake --build /turtlebot3_ws/src/turtlebot3_simulations/tbot3_tutorials/build/tbot3_tutorials -- -j20 -l20
[2.030s] Invoking command in '/turtlebot3_ws/src/turtlebot3_simulations/tbot3_tutorials/build/tbot3_tutorials': CMAKE_PREFIX_PATH=${CMAKE_PREFIX_PATH}:/opt/ros/humble /usr/bin/cmake --install /turtlebot3_ws/src/turtlebot3_simulations/tbot3_tutorials/build/tbot3_tutorials
[2.033s] -- Install configuration: ""
[2.033s] -- Installing: /turtlebot3_ws/src/turtlebot3_simulations/tbot3_tutorials/install/tbot3_tutorials/share/ament_index/resource_index/package_run_dependencies/tbot3_tutorials
[2.033s] -- Installing: /turtlebot3_ws/src/turtlebot3_simulations/tbot3_tutorials/install/tbot3_tutorials/share/ament_index/resource_index/parent_prefix_path/tbot3_tutorials
[2.034s] -- Installing: /turtlebot3_ws/src/turtlebot3_simulations/tbot3_tutorials/install/tbot3_tutorials/share/tbot3_tutorials/environment/ament_prefix_path.sh
[2.034s] -- Installing: /turtlebot3_ws/src/turtlebot3_simulations/tbot3_tutorials/install/tbot3_tutorials/share/tbot3_tutorials/environment/ament_prefix_path.dsv
[2.034s] -- Installing: /turtlebot3_ws/src/turtlebot3_simulations/tbot3_tutorials/install/tbot3_tutorials/share/tbot3_tutorials/environment/path.sh
[2.034s] -- Installing: /turtlebot3_ws/src/turtlebot3_simulations/tbot3_tutorials/install/tbot3_tutorials/share/tbot3_tutorials/environment/path.dsv
[2.034s] -- Installing: /turtlebot3_ws/src/turtlebot3_simulations/tbot3_tutorials/install/tbot3_tutorials/share/tbot3_tutorials/local_setup.bash
[2.034s] -- Installing: /turtlebot3_ws/src/turtlebot3_simulations/tbot3_tutorials/install/tbot3_tutorials/share/tbot3_tutorials/local_setup.sh
[2.034s] -- Installing: /turtlebot3_ws/src/turtlebot3_simulations/tbot3_tutorials/install/tbot3_tutorials/share/tbot3_tutorials/local_setup.zsh
[2.034s] -- Installing: /turtlebot3_ws/src/turtlebot3_simulations/tbot3_tutorials/install/tbot3_tutorials/share/tbot3_tutorials/local_setup.dsv
[2.034s] -- Installing: /turtlebot3_ws/src/turtlebot3_simulations/tbot3_tutorials/install/tbot3_tutorials/share/tbot3_tutorials/package.dsv
[2.034s] -- Installing: /turtlebot3_ws/src/turtlebot3_simulations/tbot3_tutorials/install/tbot3_tutorials/share/ament_index/resource_index/packages/tbot3_tutorials
[2.034s] -- Installing: /turtlebot3_ws/src/turtlebot3_simulations/tbot3_tutorials/install/tbot3_tutorials/share/tbot3_tutorials/cmake/tbot3_tutorialsConfig.cmake
[2.034s] -- Installing: /turtlebot3_ws/src/turtlebot3_simulations/tbot3_tutorials/install/tbot3_tutorials/share/tbot3_tutorials/cmake/tbot3_tutorialsConfig-version.cmake
[2.034s] -- Installing: /turtlebot3_ws/src/turtlebot3_simulations/tbot3_tutorials/install/tbot3_tutorials/share/tbot3_tutorials/package.xml
[2.035s] Invoked command in '/turtlebot3_ws/src/turtlebot3_simulations/tbot3_tutorials/build/tbot3_tutorials' returned '0': CMAKE_PREFIX_PATH=${CMAKE_PREFIX_PATH}:/opt/ros/humble /usr/bin/cmake --install /turtlebot3_ws/src/turtlebot3_simulations/tbot3_tutorials/build/tbot3_tutorials
