[0.007s] Invoking command in '/turtlebot3_ws/src/turtlebot3_simulations/tbot3_tutorials/build/tbot3_tutorials': CMAKE_PREFIX_PATH=${CMAKE_PREFIX_PATH}:/opt/ros/humble /usr/bin/cmake --build /turtlebot3_ws/src/turtlebot3_simulations/tbot3_tutorials/build/tbot3_tutorials -- -j20 -l20
[0.054s] [100%] Built target avoidobstacle
[0.063s] Invoked command in '/turtlebot3_ws/src/turtlebot3_simulations/tbot3_tutorials/build/tbot3_tutorials' returned '0': CMAKE_PREFIX_PATH=${CMAKE_PREFIX_PATH}:/opt/ros/humble /usr/bin/cmake --build /turtlebot3_ws/src/turtlebot3_simulations/tbot3_tutorials/build/tbot3_tutorials -- -j20 -l20
[0.111s] Invoking command in '/turtlebot3_ws/src/turtlebot3_simulations/tbot3_tutorials/build/tbot3_tutorials': CMAKE_PREFIX_PATH=${CMAKE_PREFIX_PATH}:/opt/ros/humble /usr/bin/cmake --install /turtlebot3_ws/src/turtlebot3_simulations/tbot3_tutorials/build/tbot3_tutorials
[0.124s] -- Install configuration: ""
[0.125s] -- Up-to-date: /turtlebot3_ws/src/turtlebot3_simulations/tbot3_tutorials/install/tbot3_tutorials/lib/tbot3_tutorials/avoidobstacle
[0.125s] -- Up-to-date: /turtlebot3_ws/src/turtlebot3_simulations/tbot3_tutorials/install/tbot3_tutorials/share/tbot3_tutorials//launch
[0.125s] -- Up-to-date: /turtlebot3_ws/src/turtlebot3_simulations/tbot3_tutorials/install/tbot3_tutorials/include/
[0.125s] -- Up-to-date: /turtlebot3_ws/src/turtlebot3_simulations/tbot3_tutorials/install/tbot3_tutorials/include//tbot3_tutorials
[0.125s] -- Up-to-date: /turtlebot3_ws/src/turtlebot3_simulations/tbot3_tutorials/install/tbot3_tutorials/share/ament_index/resource_index/package_run_dependencies/tbot3_tutorials
[0.126s] -- Up-to-date: /turtlebot3_ws/src/turtlebot3_simulations/tbot3_tutorials/install/tbot3_tutorials/share/ament_index/resource_index/parent_prefix_path/tbot3_tutorials
[0.126s] -- Up-to-date: /turtlebot3_ws/src/turtlebot3_simulations/tbot3_tutorials/install/tbot3_tutorials/share/tbot3_tutorials/environment/ament_prefix_path.sh
[0.126s] -- Up-to-date: /turtlebot3_ws/src/turtlebot3_simulations/tbot3_tutorials/install/tbot3_tutorials/share/tbot3_tutorials/environment/ament_prefix_path.dsv
[0.126s] -- Up-to-date: /turtlebot3_ws/src/turtlebot3_simulations/tbot3_tutorials/install/tbot3_tutorials/share/tbot3_tutorials/environment/path.sh
[0.126s] -- Up-to-date: /turtlebot3_ws/src/turtlebot3_simulations/tbot3_tutorials/install/tbot3_tutorials/share/tbot3_tutorials/environment/path.dsv
[0.126s] -- Up-to-date: /turtlebot3_ws/src/turtlebot3_simulations/tbot3_tutorials/install/tbot3_tutorials/share/tbot3_tutorials/local_setup.bash
[0.126s] -- Up-to-date: /turtlebot3_ws/src/turtlebot3_simulations/tbot3_tutorials/install/tbot3_tutorials/share/tbot3_tutorials/local_setup.sh
[0.126s] -- Up-to-date: /turtlebot3_ws/src/turtlebot3_simulations/tbot3_tutorials/install/tbot3_tutorials/share/tbot3_tutorials/local_setup.zsh
[0.126s] -- Up-to-date: /turtlebot3_ws/src/turtlebot3_simulations/tbot3_tutorials/install/tbot3_tutorials/share/tbot3_tutorials/local_setup.dsv
[0.126s] -- Up-to-date: /turtlebot3_ws/src/turtlebot3_simulations/tbot3_tutorials/install/tbot3_tutorials/share/tbot3_tutorials/package.dsv
[0.126s] -- Up-to-date: /turtlebot3_ws/src/turtlebot3_simulations/tbot3_tutorials/install/tbot3_tutorials/share/ament_index/resource_index/packages/tbot3_tutorials
[0.127s] -- Up-to-date: /turtlebot3_ws/src/turtlebot3_simulations/tbot3_tutorials/install/tbot3_tutorials/share/tbot3_tutorials/cmake/tbot3_tutorialsConfig.cmake
[0.127s] -- Up-to-date: /turtlebot3_ws/src/turtlebot3_simulations/tbot3_tutorials/install/tbot3_tutorials/share/tbot3_tutorials/cmake/tbot3_tutorialsConfig-version.cmake
[0.127s] -- Up-to-date: /turtlebot3_ws/src/turtlebot3_simulations/tbot3_tutorials/install/tbot3_tutorials/share/tbot3_tutorials/package.xml
[0.128s] Invoked command in '/turtlebot3_ws/src/turtlebot3_simulations/tbot3_tutorials/build/tbot3_tutorials' returned '0': CMAKE_PREFIX_PATH=${CMAKE_PREFIX_PATH}:/opt/ros/humble /usr/bin/cmake --install /turtlebot3_ws/src/turtlebot3_simulations/tbot3_tutorials/build/tbot3_tutorials
