[35m[1mConsolidate compiler generated dependencies of target avoidobstacle[0m
[ 50%] [32mBuilding CXX object CMakeFiles/avoidobstacle.dir/src/avoid_obstacle.cpp.o[0m
[100%] [32m[1mLinking CXX executable avoidobstacle[0m
[100%] Built target avoidobstacle
-- Install configuration: ""
-- Installing: /turtlebot3_ws/src/turtlebot3_simulations/tbot3_tutorials/install/tbot3_tutorials/lib/tbot3_tutorials/avoidobstacle
-- Set runtime path of "/turtlebot3_ws/src/turtlebot3_simulations/tbot3_tutorials/install/tbot3_tutorials/lib/tbot3_tutorials/avoidobstacle" to ""
-- Up-to-date: /turtlebot3_ws/src/turtlebot3_simulations/tbot3_tutorials/install/tbot3_tutorials/share/tbot3_tutorials//launch
-- Up-to-date: /turtlebot3_ws/src/turtlebot3_simulations/tbot3_tutorials/install/tbot3_tutorials/include/
-- Up-to-date: /turtlebot3_ws/src/turtlebot3_simulations/tbot3_tutorials/install/tbot3_tutorials/include//tbot3_tutorials
-- Up-to-date: /turtlebot3_ws/src/turtlebot3_simulations/tbot3_tutorials/install/tbot3_tutorials/share/ament_index/resource_index/package_run_dependencies/tbot3_tutorials
-- Up-to-date: /turtlebot3_ws/src/turtlebot3_simulations/tbot3_tutorials/install/tbot3_tutorials/share/ament_index/resource_index/parent_prefix_path/tbot3_tutorials
-- Up-to-date: /turtlebot3_ws/src/turtlebot3_simulations/tbot3_tutorials/install/tbot3_tutorials/share/tbot3_tutorials/environment/ament_prefix_path.sh
-- Up-to-date: /turtlebot3_ws/src/turtlebot3_simulations/tbot3_tutorials/install/tbot3_tutorials/share/tbot3_tutorials/environment/ament_prefix_path.dsv
-- Up-to-date: /turtlebot3_ws/src/turtlebot3_simulations/tbot3_tutorials/install/tbot3_tutorials/share/tbot3_tutorials/environment/path.sh
-- Up-to-date: /turtlebot3_ws/src/turtlebot3_simulations/tbot3_tutorials/install/tbot3_tutorials/share/tbot3_tutorials/environment/path.dsv
-- Up-to-date: /turtlebot3_ws/src/turtlebot3_simulations/tbot3_tutorials/install/tbot3_tutorials/share/tbot3_tutorials/local_setup.bash
-- Up-to-date: /turtlebot3_ws/src/turtlebot3_simulations/tbot3_tutorials/install/tbot3_tutorials/share/tbot3_tutorials/local_setup.sh
-- Up-to-date: /turtlebot3_ws/src/turtlebot3_simulations/tbot3_tutorials/install/tbot3_tutorials/share/tbot3_tutorials/local_setup.zsh
-- Up-to-date: /turtlebot3_ws/src/turtlebot3_simulations/tbot3_tutorials/install/tbot3_tutorials/share/tbot3_tutorials/local_setup.dsv
-- Installing: /turtlebot3_ws/src/turtlebot3_simulations/tbot3_tutorials/install/tbot3_tutorials/share/tbot3_tutorials/package.dsv
-- Up-to-date: /turtlebot3_ws/src/turtlebot3_simulations/tbot3_tutorials/install/tbot3_tutorials/share/ament_index/resource_index/packages/tbot3_tutorials
-- Up-to-date: /turtlebot3_ws/src/turtlebot3_simulations/tbot3_tutorials/install/tbot3_tutorials/share/tbot3_tutorials/cmake/tbot3_tutorialsConfig.cmake
-- Up-to-date: /turtlebot3_ws/src/turtlebot3_simulations/tbot3_tutorials/install/tbot3_tutorials/share/tbot3_tutorials/cmake/tbot3_tutorialsConfig-version.cmake
-- Up-to-date: /turtlebot3_ws/src/turtlebot3_simulations/tbot3_tutorials/install/tbot3_tutorials/share/tbot3_tutorials/package.xml
