[0.007s] Invoking command in '/turtlebot3_ws/src/turtlebot3_simulations/tbot3_tutorials/build/tbot3_tutorials': CMAKE_PREFIX_PATH=${CMAKE_PREFIX_PATH}:/opt/ros/humble /usr/bin/cmake --build /turtlebot3_ws/src/turtlebot3_simulations/tbot3_tutorials/build/tbot3_tutorials -- -j20 -l20
[0.027s] -- Found ament_cmake: 1.3.10 (/opt/ros/humble/share/ament_cmake/cmake)
[0.103s] -- Found rclcpp: 16.0.10 (/opt/ros/humble/share/rclcpp/cmake)
[0.121s] -- Found rosidl_generator_c: 3.1.5 (/opt/ros/humble/share/rosidl_generator_c/cmake)
[0.122s] -- Found rosidl_adapter: 3.1.5 (/opt/ros/humble/share/rosidl_adapter/cmake)
[0.125s] -- Found rosidl_generator_cpp: 3.1.5 (/opt/ros/humble/share/rosidl_generator_cpp/cmake)
[0.130s] -- Using all available rosidl_typesupport_c: rosidl_typesupport_fastrtps_c;rosidl_typesupport_introspection_c
[0.137s] -- Using all available rosidl_typesupport_cpp: rosidl_typesupport_fastrtps_cpp;rosidl_typesupport_introspection_cpp
[0.154s] -- Found rmw_implementation_cmake: 6.1.2 (/opt/ros/humble/share/rmw_implementation_cmake/cmake)
[0.155s] -- Found rmw_fastrtps_cpp: 6.2.7 (/opt/ros/humble/share/rmw_fastrtps_cpp/cmake)
[0.238s] -- Using RMW implementation 'rmw_fastrtps_cpp' as default
[0.265s] -- Found sensor_msgs: 4.2.4 (/opt/ros/humble/share/sensor_msgs/cmake)
[0.281s] -- Found tf2: 0.25.8 (/opt/ros/humble/share/tf2/cmake)
[0.286s] [33mCMake Warning (dev) at /usr/share/cmake-3.22/Modules/FindPackageHandleStandardArgs.cmake:438 (message):
[0.286s]   The package name passed to `find_package_handle_standard_args` (PkgConfig)
[0.286s]   does not match the name of the calling package (gazebo).  This can lead to
[0.286s]   problems in calling code that expects `find_package` result variables
[0.286s]   (e.g., `_FOUND`) to follow a certain pattern.
[0.286s] Call Stack (most recent call first):
[0.286s]   /usr/share/cmake-3.22/Modules/FindPkgConfig.cmake:99 (find_package_handle_standard_args)
[0.286s]   /usr/lib/x86_64-linux-gnu/cmake/gazebo/gazebo-config.cmake:72 (include)
[0.286s]   CMakeLists.txt:13 (find_package)
[0.286s] This warning is for project developers.  Use -Wno-dev to suppress it.
[0.287s] [0m
[0.304s] -- Found DART: /usr/include (Required is at least version "6.6") found components: dart 
[0.339s] -- Found Protobuf: /usr/lib/x86_64-linux-gnu/libprotobuf.so (found version "3.12.4") 
[0.341s] -- Looking for ignition-math6 -- found version 6.15.1
[0.346s] -- Searching for dependencies of ignition-math6
[0.347s] -- Looking for OGRE...
[0.353s] -- Found Ogre Ghadamon (1.9.0)
[0.354s] -- Found OGRE: optimized;/usr/lib/x86_64-linux-gnu/libOgreMain.so;debug;/usr/lib/x86_64-linux-gnu/libOgreMain.so
[0.360s] -- Looking for OGRE_Paging...
[0.361s] -- Found OGRE_Paging: optimized;/usr/lib/x86_64-linux-gnu/libOgrePaging.so;debug;/usr/lib/x86_64-linux-gnu/libOgrePaging.so
[0.361s] -- Looking for OGRE_Terrain...
[0.361s] -- Found OGRE_Terrain: optimized;/usr/lib/x86_64-linux-gnu/libOgreTerrain.so;debug;/usr/lib/x86_64-linux-gnu/libOgreTerrain.so
[0.361s] -- Looking for OGRE_Property...
[0.361s] -- Found OGRE_Property: optimized;/usr/lib/x86_64-linux-gnu/libOgreProperty.so;debug;/usr/lib/x86_64-linux-gnu/libOgreProperty.so
[0.361s] -- Looking for OGRE_RTShaderSystem...
[0.361s] -- Found OGRE_RTShaderSystem: optimized;/usr/lib/x86_64-linux-gnu/libOgreRTShaderSystem.so;debug;/usr/lib/x86_64-linux-gnu/libOgreRTShaderSystem.so
[0.361s] -- Looking for OGRE_Volume...
[0.361s] -- Found OGRE_Volume: optimized;/usr/lib/x86_64-linux-gnu/libOgreVolume.so;debug;/usr/lib/x86_64-linux-gnu/libOgreVolume.so
[0.361s] -- Looking for OGRE_Overlay...
[0.361s] -- Found OGRE_Overlay: optimized;/usr/lib/x86_64-linux-gnu/libOgreOverlay.so;debug;/usr/lib/x86_64-linux-gnu/libOgreOverlay.so
[0.406s] -- Looking for ignition-math6 -- found version 6.15.1
[0.406s] -- Looking for ignition-transport8 -- found version 8.2.1
[0.406s] -- Searching for dependencies of ignition-transport8
[0.424s] -- Found Protobuf: /usr/lib/x86_64-linux-gnu/libprotobuf.so (found suitable version "3.12.4", minimum required is "3") 
[0.434s] -- Config-file not installed for ZeroMQ -- checking for pkg-config
[0.437s] -- Checking for module 'libzmq >= 4'
[0.447s] --   Found libzmq , version 4.3.4
[0.480s] -- Checking for module 'uuid'
[0.489s] --   Found uuid, version 2.37.2
[0.517s] -- Looking for ignition-msgs5 -- found version 5.8.1
[0.517s] -- Searching for dependencies of ignition-msgs5
[0.537s] -- Looking for ignition-math6 -- found version 6.15.1
[0.542s] -- Checking for module 'tinyxml2'
[0.555s] --   Found tinyxml2, version 9.0.0
[0.585s] -- Looking for ignition-msgs5 -- found version 5.8.1
[0.585s] -- Looking for ignition-common3 -- found version 3.14.0
[0.586s] -- Searching for dependencies of ignition-common3
[0.586s] -- Looking for dlfcn.h - found
[0.586s] -- Looking for libdl - found
[0.594s] -- Searching for <ignition-common3> component [graphics]
[0.595s] -- Looking for ignition-common3-graphics -- found version 3.14.0
[0.595s] -- Searching for dependencies of ignition-common3-graphics
[0.595s] -- Looking for ignition-math6 -- found version 6.15.1
[0.596s] -- Looking for ignition-fuel_tools4 -- found version 4.4.0
[0.596s] -- Searching for dependencies of ignition-fuel_tools4
[0.624s] -- Checking for module 'jsoncpp'
[0.639s] --   Found jsoncpp, version 1.9.5
[0.687s] -- Checking for module 'libzip'
[0.713s] --   Found libzip, version 1.7.3
[0.766s] -- Looking for ignition-common3 -- found version 3.14.0
[0.767s] -- Looking for ignition-math6 -- found version 6.15.1
[0.767s] -- Looking for ignition-msgs5 -- found version 5.8.1
[0.770s] -- Found gazebo_ros_pkgs: 3.7.0 (/opt/ros/humble/share/gazebo_ros_pkgs/cmake)
[0.770s] -- Found nav_msgs: 4.2.4 (/opt/ros/humble/share/nav_msgs/cmake)
[0.785s] -- Found tf2_msgs: 0.25.8 (/opt/ros/humble/share/tf2_msgs/cmake)
[0.806s] -- Found turtlebot3_msgs: 2.2.3 (/opt/ros/humble/share/turtlebot3_msgs/cmake)
[0.815s] -- Found ament_lint_auto: 0.12.11 (/opt/ros/humble/share/ament_lint_auto/cmake)
[0.865s] -- Added test 'cppcheck' to perform static code analysis on C / C++ code
[0.865s] -- Configured cppcheck include dirs: /turtlebot3_ws/src/turtlebot3_simulations/tbot3_tutorials/include
[0.865s] -- Configured cppcheck exclude dirs and/or files: 
[0.866s] -- Added test 'flake8' to check Python code syntax and style conventions
[0.867s] -- Added test 'lint_cmake' to check CMake code style
[0.868s] -- Added test 'pep257' to check Python code against some of the docstring style conventions in PEP 257
[0.875s] -- Added test 'uncrustify' to check C / C++ code style
[0.875s] -- Configured uncrustify additional arguments: 
[0.875s] -- Added test 'xmllint' to check XML markup files
[0.876s] -- Configuring done
[0.882s] -- Generating done
[0.884s] -- Build files have been written to: /turtlebot3_ws/src/turtlebot3_simulations/tbot3_tutorials/build/tbot3_tutorials
[0.903s] [35m[1mConsolidate compiler generated dependencies of target avoidobstacle[0m
[0.914s] [100%] Built target avoidobstacle
[0.923s] Invoked command in '/turtlebot3_ws/src/turtlebot3_simulations/tbot3_tutorials/build/tbot3_tutorials' returned '0': CMAKE_PREFIX_PATH=${CMAKE_PREFIX_PATH}:/opt/ros/humble /usr/bin/cmake --build /turtlebot3_ws/src/turtlebot3_simulations/tbot3_tutorials/build/tbot3_tutorials -- -j20 -l20
[0.984s] Invoking command in '/turtlebot3_ws/src/turtlebot3_simulations/tbot3_tutorials/build/tbot3_tutorials': CMAKE_PREFIX_PATH=${CMAKE_PREFIX_PATH}:/opt/ros/humble /usr/bin/cmake --install /turtlebot3_ws/src/turtlebot3_simulations/tbot3_tutorials/build/tbot3_tutorials
[0.992s] -- Install configuration: ""
[0.992s] -- Up-to-date: /turtlebot3_ws/src/turtlebot3_simulations/tbot3_tutorials/install/tbot3_tutorials/lib/tbot3_tutorials/avoidobstacle
[0.992s] -- Up-to-date: /turtlebot3_ws/src/turtlebot3_simulations/tbot3_tutorials/install/tbot3_tutorials/share/tbot3_tutorials//launch
[0.992s] -- Installing: /turtlebot3_ws/src/turtlebot3_simulations/tbot3_tutorials/install/tbot3_tutorials/include/
[0.992s] -- Installing: /turtlebot3_ws/src/turtlebot3_simulations/tbot3_tutorials/install/tbot3_tutorials/include//tbot3_tutorials
[0.992s] -- Installing: /turtlebot3_ws/src/turtlebot3_simulations/tbot3_tutorials/install/tbot3_tutorials/share/ament_index/resource_index/package_run_dependencies/tbot3_tutorials
[0.992s] -- Up-to-date: /turtlebot3_ws/src/turtlebot3_simulations/tbot3_tutorials/install/tbot3_tutorials/share/ament_index/resource_index/parent_prefix_path/tbot3_tutorials
[0.992s] -- Up-to-date: /turtlebot3_ws/src/turtlebot3_simulations/tbot3_tutorials/install/tbot3_tutorials/share/tbot3_tutorials/environment/ament_prefix_path.sh
[0.992s] -- Installing: /turtlebot3_ws/src/turtlebot3_simulations/tbot3_tutorials/install/tbot3_tutorials/share/tbot3_tutorials/environment/ament_prefix_path.dsv
[0.992s] -- Up-to-date: /turtlebot3_ws/src/turtlebot3_simulations/tbot3_tutorials/install/tbot3_tutorials/share/tbot3_tutorials/environment/path.sh
[0.992s] -- Installing: /turtlebot3_ws/src/turtlebot3_simulations/tbot3_tutorials/install/tbot3_tutorials/share/tbot3_tutorials/environment/path.dsv
[0.992s] -- Up-to-date: /turtlebot3_ws/src/turtlebot3_simulations/tbot3_tutorials/install/tbot3_tutorials/share/tbot3_tutorials/local_setup.bash
[0.992s] -- Up-to-date: /turtlebot3_ws/src/turtlebot3_simulations/tbot3_tutorials/install/tbot3_tutorials/share/tbot3_tutorials/local_setup.sh
[0.992s] -- Up-to-date: /turtlebot3_ws/src/turtlebot3_simulations/tbot3_tutorials/install/tbot3_tutorials/share/tbot3_tutorials/local_setup.zsh
[0.992s] -- Installing: /turtlebot3_ws/src/turtlebot3_simulations/tbot3_tutorials/install/tbot3_tutorials/share/tbot3_tutorials/local_setup.dsv
[0.992s] -- Installing: /turtlebot3_ws/src/turtlebot3_simulations/tbot3_tutorials/install/tbot3_tutorials/share/tbot3_tutorials/package.dsv
[0.992s] -- Up-to-date: /turtlebot3_ws/src/turtlebot3_simulations/tbot3_tutorials/install/tbot3_tutorials/share/ament_index/resource_index/packages/tbot3_tutorials
[0.992s] -- Up-to-date: /turtlebot3_ws/src/turtlebot3_simulations/tbot3_tutorials/install/tbot3_tutorials/share/tbot3_tutorials/cmake/tbot3_tutorialsConfig.cmake
[0.992s] -- Up-to-date: /turtlebot3_ws/src/turtlebot3_simulations/tbot3_tutorials/install/tbot3_tutorials/share/tbot3_tutorials/cmake/tbot3_tutorialsConfig-version.cmake
[0.993s] -- Installing: /turtlebot3_ws/src/turtlebot3_simulations/tbot3_tutorials/install/tbot3_tutorials/share/tbot3_tutorials/package.xml
[0.994s] Invoked command in '/turtlebot3_ws/src/turtlebot3_simulations/tbot3_tutorials/build/tbot3_tutorials' returned '0': CMAKE_PREFIX_PATH=${CMAKE_PREFIX_PATH}:/opt/ros/humble /usr/bin/cmake --install /turtlebot3_ws/src/turtlebot3_simulations/tbot3_tutorials/build/tbot3_tutorials
