[0.007s] Invoking command in '/turtlebot3_ws/src/turtlebot3_simulations/tbot3_tutorials/build/tbot3_tutorials': CMAKE_PREFIX_PATH=${CMAKE_PREFIX_PATH}:/opt/ros/humble /usr/bin/cmake --build /turtlebot3_ws/src/turtlebot3_simulations/tbot3_tutorials/build/tbot3_tutorials -- -j20 -l20
[0.025s] -- Found ament_cmake: 1.3.10 (/opt/ros/humble/share/ament_cmake/cmake)
[0.100s] -- Found rclcpp: 16.0.10 (/opt/ros/humble/share/rclcpp/cmake)
[0.117s] -- Found rosidl_generator_c: 3.1.5 (/opt/ros/humble/share/rosidl_generator_c/cmake)
[0.118s] -- Found rosidl_adapter: 3.1.5 (/opt/ros/humble/share/rosidl_adapter/cmake)
[0.121s] -- Found rosidl_generator_cpp: 3.1.5 (/opt/ros/humble/share/rosidl_generator_cpp/cmake)
[0.126s] -- Using all available rosidl_typesupport_c: rosidl_typesupport_fastrtps_c;rosidl_typesupport_introspection_c
[0.133s] -- Using all available rosidl_typesupport_cpp: rosidl_typesupport_fastrtps_cpp;rosidl_typesupport_introspection_cpp
[0.150s] -- Found rmw_implementation_cmake: 6.1.2 (/opt/ros/humble/share/rmw_implementation_cmake/cmake)
[0.150s] -- Found rmw_fastrtps_cpp: 6.2.7 (/opt/ros/humble/share/rmw_fastrtps_cpp/cmake)
[0.221s] -- Using RMW implementation 'rmw_fastrtps_cpp' as default
[0.248s] -- Found sensor_msgs: 4.2.4 (/opt/ros/humble/share/sensor_msgs/cmake)
[0.263s] -- Found tf2: 0.25.8 (/opt/ros/humble/share/tf2/cmake)
[0.268s] [33mCMake Warning (dev) at /usr/share/cmake-3.22/Modules/FindPackageHandleStandardArgs.cmake:438 (message):
[0.268s]   The package name passed to `find_package_handle_standard_args` (PkgConfig)
[0.268s]   does not match the name of the calling package (gazebo).  This can lead to
[0.268s]   problems in calling code that expects `find_package` result variables
[0.268s]   (e.g., `_FOUND`) to follow a certain pattern.
[0.268s] Call Stack (most recent call first):
[0.268s]   /usr/share/cmake-3.22/Modules/FindPkgConfig.cmake:99 (find_package_handle_standard_args)
[0.268s]   /usr/lib/x86_64-linux-gnu/cmake/gazebo/gazebo-config.cmake:72 (include)
[0.268s]   CMakeLists.txt:13 (find_package)
[0.268s] This warning is for project developers.  Use -Wno-dev to suppress it.
[0.268s] [0m
[0.285s] -- Found DART: /usr/include (Required is at least version "6.6") found components: dart 
[0.306s] -- Found Protobuf: /usr/lib/x86_64-linux-gnu/libprotobuf.so (found version "3.12.4") 
[0.308s] -- Looking for ignition-math6 -- found version 6.15.1
[0.314s] -- Searching for dependencies of ignition-math6
[0.317s] -- Looking for OGRE...
[0.325s] -- Found Ogre Ghadamon (1.9.0)
[0.326s] -- Found OGRE: optimized;/usr/lib/x86_64-linux-gnu/libOgreMain.so;debug;/usr/lib/x86_64-linux-gnu/libOgreMain.so
[0.335s] -- Looking for OGRE_Paging...
[0.335s] -- Found OGRE_Paging: optimized;/usr/lib/x86_64-linux-gnu/libOgrePaging.so;debug;/usr/lib/x86_64-linux-gnu/libOgrePaging.so
[0.335s] -- Looking for OGRE_Terrain...
[0.335s] -- Found OGRE_Terrain: optimized;/usr/lib/x86_64-linux-gnu/libOgreTerrain.so;debug;/usr/lib/x86_64-linux-gnu/libOgreTerrain.so
[0.335s] -- Looking for OGRE_Property...
[0.335s] -- Found OGRE_Property: optimized;/usr/lib/x86_64-linux-gnu/libOgreProperty.so;debug;/usr/lib/x86_64-linux-gnu/libOgreProperty.so
[0.335s] -- Looking for OGRE_RTShaderSystem...
[0.335s] -- Found OGRE_RTShaderSystem: optimized;/usr/lib/x86_64-linux-gnu/libOgreRTShaderSystem.so;debug;/usr/lib/x86_64-linux-gnu/libOgreRTShaderSystem.so
[0.335s] -- Looking for OGRE_Volume...
[0.335s] -- Found OGRE_Volume: optimized;/usr/lib/x86_64-linux-gnu/libOgreVolume.so;debug;/usr/lib/x86_64-linux-gnu/libOgreVolume.so
[0.335s] -- Looking for OGRE_Overlay...
[0.335s] -- Found OGRE_Overlay: optimized;/usr/lib/x86_64-linux-gnu/libOgreOverlay.so;debug;/usr/lib/x86_64-linux-gnu/libOgreOverlay.so
[0.380s] -- Looking for ignition-math6 -- found version 6.15.1
[0.380s] -- Looking for ignition-transport8 -- found version 8.2.1
[0.380s] -- Searching for dependencies of ignition-transport8
[0.394s] -- Found Protobuf: /usr/lib/x86_64-linux-gnu/libprotobuf.so (found suitable version "3.12.4", minimum required is "3") 
[0.403s] -- Config-file not installed for ZeroMQ -- checking for pkg-config
[0.407s] -- Checking for module 'libzmq >= 4'
[0.416s] --   Found libzmq , version 4.3.4
[0.482s] -- Checking for module 'uuid'
[0.508s] --   Found uuid, version 2.37.2
[0.565s] -- Looking for ignition-msgs5 -- found version 5.8.1
[0.565s] -- Searching for dependencies of ignition-msgs5
[0.586s] -- Looking for ignition-math6 -- found version 6.15.1
[0.590s] -- Checking for module 'tinyxml2'
[0.603s] --   Found tinyxml2, version 9.0.0
[0.672s] -- Looking for ignition-msgs5 -- found version 5.8.1
[0.673s] -- Looking for ignition-common3 -- found version 3.14.0
[0.674s] -- Searching for dependencies of ignition-common3
[0.674s] -- Looking for dlfcn.h - found
[0.674s] -- Looking for libdl - found
[0.685s] -- Searching for <ignition-common3> component [graphics]
[0.685s] -- Looking for ignition-common3-graphics -- found version 3.14.0
[0.685s] -- Searching for dependencies of ignition-common3-graphics
[0.686s] -- Looking for ignition-math6 -- found version 6.15.1
[0.686s] -- Looking for ignition-fuel_tools4 -- found version 4.4.0
[0.686s] -- Searching for dependencies of ignition-fuel_tools4
[0.714s] -- Checking for module 'jsoncpp'
[0.729s] --   Found jsoncpp, version 1.9.5
[0.815s] -- Checking for module 'libzip'
[0.840s] --   Found libzip, version 1.7.3
[0.895s] -- Looking for ignition-common3 -- found version 3.14.0
[0.895s] -- Looking for ignition-math6 -- found version 6.15.1
[0.896s] -- Looking for ignition-msgs5 -- found version 5.8.1
[0.899s] -- Found gazebo_ros_pkgs: 3.7.0 (/opt/ros/humble/share/gazebo_ros_pkgs/cmake)
[0.900s] -- Found nav_msgs: 4.2.4 (/opt/ros/humble/share/nav_msgs/cmake)
[0.914s] -- Found tf2_msgs: 0.25.8 (/opt/ros/humble/share/tf2_msgs/cmake)
[0.935s] -- Found turtlebot3_msgs: 2.2.3 (/opt/ros/humble/share/turtlebot3_msgs/cmake)
[0.943s] -- Found ament_lint_auto: 0.12.11 (/opt/ros/humble/share/ament_lint_auto/cmake)
[0.988s] -- Added test 'cppcheck' to perform static code analysis on C / C++ code
[0.988s] -- Configured cppcheck include dirs: /turtlebot3_ws/src/turtlebot3_simulations/tbot3_tutorials/include
[0.988s] -- Configured cppcheck exclude dirs and/or files: 
[0.989s] -- Added test 'flake8' to check Python code syntax and style conventions
[0.990s] -- Added test 'lint_cmake' to check CMake code style
[0.991s] -- Added test 'pep257' to check Python code against some of the docstring style conventions in PEP 257
[0.998s] -- Added test 'uncrustify' to check C / C++ code style
[0.998s] -- Configured uncrustify additional arguments: 
[0.999s] -- Added test 'xmllint' to check XML markup files
[0.999s] -- Configuring done
[1.006s] -- Generating done
[1.007s] -- Build files have been written to: /turtlebot3_ws/src/turtlebot3_simulations/tbot3_tutorials/build/tbot3_tutorials
[1.037s] [ 50%] [32mBuilding CXX object CMakeFiles/avoidobstacle.dir/src/avoid_obstacle.cpp.o[0m
[5.400s] [100%] [32m[1mLinking CXX executable avoidobstacle[0m
[5.626s] [100%] Built target avoidobstacle
[5.632s] Invoked command in '/turtlebot3_ws/src/turtlebot3_simulations/tbot3_tutorials/build/tbot3_tutorials' returned '0': CMAKE_PREFIX_PATH=${CMAKE_PREFIX_PATH}:/opt/ros/humble /usr/bin/cmake --build /turtlebot3_ws/src/turtlebot3_simulations/tbot3_tutorials/build/tbot3_tutorials -- -j20 -l20
[5.663s] Invoking command in '/turtlebot3_ws/src/turtlebot3_simulations/tbot3_tutorials/build/tbot3_tutorials': CMAKE_PREFIX_PATH=${CMAKE_PREFIX_PATH}:/opt/ros/humble /usr/bin/cmake --install /turtlebot3_ws/src/turtlebot3_simulations/tbot3_tutorials/build/tbot3_tutorials
[5.674s] -- Install configuration: ""
[5.674s] -- Installing: /turtlebot3_ws/src/turtlebot3_simulations/tbot3_tutorials/install/tbot3_tutorials/lib/tbot3_tutorials/avoidobstacle
[5.679s] -- Set runtime path of "/turtlebot3_ws/src/turtlebot3_simulations/tbot3_tutorials/install/tbot3_tutorials/lib/tbot3_tutorials/avoidobstacle" to ""
[5.679s] -- Installing: /turtlebot3_ws/src/turtlebot3_simulations/tbot3_tutorials/install/tbot3_tutorials/share/tbot3_tutorials//launch
[5.679s] [31mCMake Error at cmake_install.cmake:66 (file):
[5.679s]   file INSTALL cannot find
[5.679s]   "/turtlebot3_ws/src/turtlebot3_simulations/tbot3_tutorials/models": No such
[5.679s]   file or directory.
[5.679s] 
[5.679s] [0m
[5.681s] Invoked command in '/turtlebot3_ws/src/turtlebot3_simulations/tbot3_tutorials/build/tbot3_tutorials' returned '1': CMAKE_PREFIX_PATH=${CMAKE_PREFIX_PATH}:/opt/ros/humble /usr/bin/cmake --install /turtlebot3_ws/src/turtlebot3_simulations/tbot3_tutorials/build/tbot3_tutorials
