[0.068s] DEBUG:colcon:Command line arguments: ['/usr/bin/colcon', 'build']
[0.068s] DEBUG:colcon:Parsed command line arguments: Namespace(log_base=None, log_level=None, verb_name='build', build_base='build', install_base='install', merge_install=False, symlink_install=False, test_result_base=None, continue_on_error=False, executor='parallel', parallel_workers=20, event_handlers=None, ignore_user_meta=False, metas=['./colcon.meta'], base_paths=['.'], packages_ignore=None, packages_ignore_regex=None, paths=None, packages_up_to=None, packages_up_to_regex=None, packages_above=None, packages_above_and_dependencies=None, packages_above_depth=None, packages_select_by_dep=None, packages_skip_by_dep=None, packages_skip_up_to=None, packages_select_build_failed=False, packages_skip_build_finished=False, packages_select_test_failures=False, packages_skip_test_passed=False, packages_select=None, packages_skip=None, packages_select_regex=None, packages_skip_regex=None, packages_start=None, packages_end=None, allow_overriding=[], cmake_args=None, cmake_target=None, cmake_target_skip_unavailable=False, cmake_clean_cache=False, cmake_clean_first=False, cmake_force_configure=False, ament_cmake_args=None, catkin_cmake_args=None, catkin_skip_building_tests=False, verb_parser=<colcon_defaults.argument_parser.defaults.DefaultArgumentsDecorator object at 0x7a47508a7ee0>, verb_extension=<colcon_core.verb.build.BuildVerb object at 0x7a4750a917b0>, main=<bound method BuildVerb.main of <colcon_core.verb.build.BuildVerb object at 0x7a4750a917b0>>)
[0.185s] Level 1:colcon.colcon_core.package_discovery:discover_packages(colcon_meta) check parameters
[0.185s] Level 1:colcon.colcon_core.package_discovery:discover_packages(recursive) check parameters
[0.185s] Level 1:colcon.colcon_core.package_discovery:discover_packages(ignore) check parameters
[0.185s] Level 1:colcon.colcon_core.package_discovery:discover_packages(path) check parameters
[0.185s] Level 1:colcon.colcon_core.package_discovery:discover_packages(colcon_meta) discover
[0.185s] Level 1:colcon.colcon_core.package_discovery:discover_packages(recursive) discover
[0.185s] INFO:colcon.colcon_core.package_discovery:Crawling recursively for packages in '/turtlebot3_ws/src/turtlebot3_simulations/tbot3_tutorials'
[0.185s] Level 1:colcon.colcon_core.package_identification:_identify(.) by extensions ['ignore', 'ignore_ament_install']
[0.185s] Level 1:colcon.colcon_core.package_identification:_identify(.) by extension 'ignore'
[0.185s] Level 1:colcon.colcon_core.package_identification:_identify(.) by extension 'ignore_ament_install'
[0.185s] Level 1:colcon.colcon_core.package_identification:_identify(.) by extensions ['colcon_pkg']
[0.185s] Level 1:colcon.colcon_core.package_identification:_identify(.) by extension 'colcon_pkg'
[0.185s] Level 1:colcon.colcon_core.package_identification:_identify(.) by extensions ['colcon_meta']
[0.185s] Level 1:colcon.colcon_core.package_identification:_identify(.) by extension 'colcon_meta'
[0.185s] Level 1:colcon.colcon_core.package_identification:_identify(.) by extensions ['ros']
[0.186s] Level 1:colcon.colcon_core.package_identification:_identify(.) by extension 'ros'
[0.194s] DEBUG:colcon.colcon_core.package_identification:Package '.' with type 'ros.ament_cmake' and name 'tbot3_tutorials'
[0.194s] Level 1:colcon.colcon_core.package_discovery:discover_packages(recursive) using defaults
[0.194s] Level 1:colcon.colcon_core.package_discovery:discover_packages(ignore) discover
[0.194s] Level 1:colcon.colcon_core.package_discovery:discover_packages(ignore) using defaults
[0.194s] Level 1:colcon.colcon_core.package_discovery:discover_packages(path) discover
[0.194s] Level 1:colcon.colcon_core.package_discovery:discover_packages(path) using defaults
[0.207s] Level 1:colcon.colcon_core.package_discovery:discover_packages(prefix_path) check parameters
[0.207s] Level 1:colcon.colcon_core.package_discovery:discover_packages(prefix_path) discover
[0.209s] DEBUG:colcon.colcon_installed_package_information.package_discovery:Found 3 installed packages in /turtlebot3_ws/install
[0.210s] DEBUG:colcon.colcon_installed_package_information.package_discovery:Found 373 installed packages in /opt/ros/humble
[0.216s] Level 1:colcon.colcon_core.package_discovery:discover_packages(prefix_path) using defaults
[0.239s] Level 5:colcon.colcon_core.verb:set package 'tbot3_tutorials' build argument 'cmake_args' from command line to 'None'
[0.239s] Level 5:colcon.colcon_core.verb:set package 'tbot3_tutorials' build argument 'cmake_target' from command line to 'None'
[0.239s] Level 5:colcon.colcon_core.verb:set package 'tbot3_tutorials' build argument 'cmake_target_skip_unavailable' from command line to 'False'
[0.239s] Level 5:colcon.colcon_core.verb:set package 'tbot3_tutorials' build argument 'cmake_clean_cache' from command line to 'False'
[0.239s] Level 5:colcon.colcon_core.verb:set package 'tbot3_tutorials' build argument 'cmake_clean_first' from command line to 'False'
[0.239s] Level 5:colcon.colcon_core.verb:set package 'tbot3_tutorials' build argument 'cmake_force_configure' from command line to 'False'
[0.239s] Level 5:colcon.colcon_core.verb:set package 'tbot3_tutorials' build argument 'ament_cmake_args' from command line to 'None'
[0.239s] Level 5:colcon.colcon_core.verb:set package 'tbot3_tutorials' build argument 'catkin_cmake_args' from command line to 'None'
[0.239s] Level 5:colcon.colcon_core.verb:set package 'tbot3_tutorials' build argument 'catkin_skip_building_tests' from command line to 'False'
[0.239s] DEBUG:colcon.colcon_core.verb:Building package 'tbot3_tutorials' with the following arguments: {'ament_cmake_args': None, 'build_base': '/turtlebot3_ws/src/turtlebot3_simulations/tbot3_tutorials/build/tbot3_tutorials', 'catkin_cmake_args': None, 'catkin_skip_building_tests': False, 'cmake_args': None, 'cmake_clean_cache': False, 'cmake_clean_first': False, 'cmake_force_configure': False, 'cmake_target': None, 'cmake_target_skip_unavailable': False, 'install_base': '/turtlebot3_ws/src/turtlebot3_simulations/tbot3_tutorials/install/tbot3_tutorials', 'merge_install': False, 'path': '/turtlebot3_ws/src/turtlebot3_simulations/tbot3_tutorials', 'symlink_install': False, 'test_result_base': None}
[0.239s] INFO:colcon.colcon_core.executor:Executing jobs using 'parallel' executor
[0.240s] DEBUG:colcon.colcon_parallel_executor.executor.parallel:run_until_complete
[0.240s] INFO:colcon.colcon_ros.task.ament_cmake.build:Building ROS package in '/turtlebot3_ws/src/turtlebot3_simulations/tbot3_tutorials' with build type 'ament_cmake'
[0.240s] INFO:colcon.colcon_cmake.task.cmake.build:Building CMake package in '/turtlebot3_ws/src/turtlebot3_simulations/tbot3_tutorials'
[0.242s] INFO:colcon.colcon_core.plugin_system:Skipping extension 'colcon_core.shell.bat': Not used on non-Windows systems
[0.242s] INFO:colcon.colcon_core.shell:Skip shell extension 'powershell' for command environment: Not usable outside of PowerShell
[0.242s] DEBUG:colcon.colcon_core.shell:Skip shell extension 'dsv' for command environment
[0.247s] DEBUG:colcon.colcon_core.event_handler.log_command:Invoking command in '/turtlebot3_ws/src/turtlebot3_simulations/tbot3_tutorials/build/tbot3_tutorials': CMAKE_PREFIX_PATH=${CMAKE_PREFIX_PATH}:/opt/ros/humble /usr/bin/cmake /turtlebot3_ws/src/turtlebot3_simulations/tbot3_tutorials -DCMAKE_INSTALL_PREFIX=/turtlebot3_ws/src/turtlebot3_simulations/tbot3_tutorials/install/tbot3_tutorials
[2.200s] DEBUG:colcon.colcon_core.event_handler.log_command:Invoked command in '/turtlebot3_ws/src/turtlebot3_simulations/tbot3_tutorials/build/tbot3_tutorials' returned '0': CMAKE_PREFIX_PATH=${CMAKE_PREFIX_PATH}:/opt/ros/humble /usr/bin/cmake /turtlebot3_ws/src/turtlebot3_simulations/tbot3_tutorials -DCMAKE_INSTALL_PREFIX=/turtlebot3_ws/src/turtlebot3_simulations/tbot3_tutorials/install/tbot3_tutorials
[2.201s] DEBUG:colcon.colcon_core.event_handler.log_command:Invoking command in '/turtlebot3_ws/src/turtlebot3_simulations/tbot3_tutorials/build/tbot3_tutorials': CMAKE_PREFIX_PATH=${CMAKE_PREFIX_PATH}:/opt/ros/humble /usr/bin/cmake --build /turtlebot3_ws/src/turtlebot3_simulations/tbot3_tutorials/build/tbot3_tutorials -- -j20 -l20
[2.244s] DEBUG:colcon.colcon_core.event_handler.log_command:Invoked command in '/turtlebot3_ws/src/turtlebot3_simulations/tbot3_tutorials/build/tbot3_tutorials' returned '0': CMAKE_PREFIX_PATH=${CMAKE_PREFIX_PATH}:/opt/ros/humble /usr/bin/cmake --build /turtlebot3_ws/src/turtlebot3_simulations/tbot3_tutorials/build/tbot3_tutorials -- -j20 -l20
[2.270s] DEBUG:colcon.colcon_core.event_handler.log_command:Invoking command in '/turtlebot3_ws/src/turtlebot3_simulations/tbot3_tutorials/build/tbot3_tutorials': CMAKE_PREFIX_PATH=${CMAKE_PREFIX_PATH}:/opt/ros/humble /usr/bin/cmake --install /turtlebot3_ws/src/turtlebot3_simulations/tbot3_tutorials/build/tbot3_tutorials
[2.275s] Level 1:colcon.colcon_core.environment:create_environment_scripts_only(tbot3_tutorials)
[2.275s] DEBUG:colcon.colcon_core.event_handler.log_command:Invoked command in '/turtlebot3_ws/src/turtlebot3_simulations/tbot3_tutorials/build/tbot3_tutorials' returned '0': CMAKE_PREFIX_PATH=${CMAKE_PREFIX_PATH}:/opt/ros/humble /usr/bin/cmake --install /turtlebot3_ws/src/turtlebot3_simulations/tbot3_tutorials/build/tbot3_tutorials
[2.278s] Level 1:colcon.colcon_core.environment:checking '/turtlebot3_ws/src/turtlebot3_simulations/tbot3_tutorials/install/tbot3_tutorials' for CMake module files
[2.278s] Level 1:colcon.colcon_core.environment:checking '/turtlebot3_ws/src/turtlebot3_simulations/tbot3_tutorials/install/tbot3_tutorials' for CMake config files
[2.278s] Level 1:colcon.colcon_core.shell:create_environment_hook('tbot3_tutorials', 'cmake_prefix_path')
[2.278s] INFO:colcon.colcon_core.shell:Creating environment hook '/turtlebot3_ws/src/turtlebot3_simulations/tbot3_tutorials/install/tbot3_tutorials/share/tbot3_tutorials/hook/cmake_prefix_path.ps1'
[2.279s] INFO:colcon.colcon_core.shell:Creating environment descriptor '/turtlebot3_ws/src/turtlebot3_simulations/tbot3_tutorials/install/tbot3_tutorials/share/tbot3_tutorials/hook/cmake_prefix_path.dsv'
[2.279s] INFO:colcon.colcon_core.shell:Creating environment hook '/turtlebot3_ws/src/turtlebot3_simulations/tbot3_tutorials/install/tbot3_tutorials/share/tbot3_tutorials/hook/cmake_prefix_path.sh'
[2.280s] Level 1:colcon.colcon_core.environment:checking '/turtlebot3_ws/src/turtlebot3_simulations/tbot3_tutorials/install/tbot3_tutorials/bin'
[2.280s] Level 1:colcon.colcon_core.environment:checking '/turtlebot3_ws/src/turtlebot3_simulations/tbot3_tutorials/install/tbot3_tutorials/lib/pkgconfig/tbot3_tutorials.pc'
[2.280s] Level 1:colcon.colcon_core.environment:checking '/turtlebot3_ws/src/turtlebot3_simulations/tbot3_tutorials/install/tbot3_tutorials/lib/python3.10/site-packages'
[2.280s] Level 1:colcon.colcon_core.environment:checking '/turtlebot3_ws/src/turtlebot3_simulations/tbot3_tutorials/install/tbot3_tutorials/bin'
[2.280s] INFO:colcon.colcon_core.shell:Creating package script '/turtlebot3_ws/src/turtlebot3_simulations/tbot3_tutorials/install/tbot3_tutorials/share/tbot3_tutorials/package.ps1'
[2.281s] INFO:colcon.colcon_core.shell:Creating package descriptor '/turtlebot3_ws/src/turtlebot3_simulations/tbot3_tutorials/install/tbot3_tutorials/share/tbot3_tutorials/package.dsv'
[2.281s] INFO:colcon.colcon_core.shell:Creating package script '/turtlebot3_ws/src/turtlebot3_simulations/tbot3_tutorials/install/tbot3_tutorials/share/tbot3_tutorials/package.sh'
[2.281s] INFO:colcon.colcon_core.shell:Creating package script '/turtlebot3_ws/src/turtlebot3_simulations/tbot3_tutorials/install/tbot3_tutorials/share/tbot3_tutorials/package.bash'
[2.282s] INFO:colcon.colcon_core.shell:Creating package script '/turtlebot3_ws/src/turtlebot3_simulations/tbot3_tutorials/install/tbot3_tutorials/share/tbot3_tutorials/package.zsh'
[2.282s] Level 1:colcon.colcon_core.environment:create_file_with_runtime_dependencies(/turtlebot3_ws/src/turtlebot3_simulations/tbot3_tutorials/install/tbot3_tutorials/share/colcon-core/packages/tbot3_tutorials)
[2.302s] Level 1:colcon.colcon_core.environment:create_environment_scripts_only(tbot3_tutorials)
[2.302s] Level 1:colcon.colcon_core.environment:checking '/turtlebot3_ws/src/turtlebot3_simulations/tbot3_tutorials/install/tbot3_tutorials' for CMake module files
[2.303s] Level 1:colcon.colcon_core.environment:checking '/turtlebot3_ws/src/turtlebot3_simulations/tbot3_tutorials/install/tbot3_tutorials' for CMake config files
[2.303s] Level 1:colcon.colcon_core.shell:create_environment_hook('tbot3_tutorials', 'cmake_prefix_path')
[2.303s] INFO:colcon.colcon_core.shell:Creating environment hook '/turtlebot3_ws/src/turtlebot3_simulations/tbot3_tutorials/install/tbot3_tutorials/share/tbot3_tutorials/hook/cmake_prefix_path.ps1'
[2.304s] INFO:colcon.colcon_core.shell:Creating environment descriptor '/turtlebot3_ws/src/turtlebot3_simulations/tbot3_tutorials/install/tbot3_tutorials/share/tbot3_tutorials/hook/cmake_prefix_path.dsv'
[2.304s] INFO:colcon.colcon_core.shell:Creating environment hook '/turtlebot3_ws/src/turtlebot3_simulations/tbot3_tutorials/install/tbot3_tutorials/share/tbot3_tutorials/hook/cmake_prefix_path.sh'
[2.305s] Level 1:colcon.colcon_core.environment:checking '/turtlebot3_ws/src/turtlebot3_simulations/tbot3_tutorials/install/tbot3_tutorials/bin'
[2.305s] Level 1:colcon.colcon_core.environment:checking '/turtlebot3_ws/src/turtlebot3_simulations/tbot3_tutorials/install/tbot3_tutorials/lib/pkgconfig/tbot3_tutorials.pc'
[2.305s] Level 1:colcon.colcon_core.environment:checking '/turtlebot3_ws/src/turtlebot3_simulations/tbot3_tutorials/install/tbot3_tutorials/lib/python3.10/site-packages'
[2.305s] Level 1:colcon.colcon_core.environment:checking '/turtlebot3_ws/src/turtlebot3_simulations/tbot3_tutorials/install/tbot3_tutorials/bin'
[2.306s] INFO:colcon.colcon_core.shell:Creating package script '/turtlebot3_ws/src/turtlebot3_simulations/tbot3_tutorials/install/tbot3_tutorials/share/tbot3_tutorials/package.ps1'
[2.306s] INFO:colcon.colcon_core.shell:Creating package descriptor '/turtlebot3_ws/src/turtlebot3_simulations/tbot3_tutorials/install/tbot3_tutorials/share/tbot3_tutorials/package.dsv'
[2.307s] INFO:colcon.colcon_core.shell:Creating package script '/turtlebot3_ws/src/turtlebot3_simulations/tbot3_tutorials/install/tbot3_tutorials/share/tbot3_tutorials/package.sh'
[2.308s] INFO:colcon.colcon_core.shell:Creating package script '/turtlebot3_ws/src/turtlebot3_simulations/tbot3_tutorials/install/tbot3_tutorials/share/tbot3_tutorials/package.bash'
[2.308s] INFO:colcon.colcon_core.shell:Creating package script '/turtlebot3_ws/src/turtlebot3_simulations/tbot3_tutorials/install/tbot3_tutorials/share/tbot3_tutorials/package.zsh'
[2.309s] Level 1:colcon.colcon_core.environment:create_file_with_runtime_dependencies(/turtlebot3_ws/src/turtlebot3_simulations/tbot3_tutorials/install/tbot3_tutorials/share/colcon-core/packages/tbot3_tutorials)
[2.309s] DEBUG:colcon.colcon_parallel_executor.executor.parallel:closing loop
[2.310s] DEBUG:colcon.colcon_parallel_executor.executor.parallel:loop closed
[2.310s] DEBUG:colcon.colcon_parallel_executor.executor.parallel:run_until_complete finished with '0'
[2.310s] DEBUG:colcon.colcon_core.event_reactor:joining thread
[2.323s] INFO:colcon.colcon_core.plugin_system:Skipping extension 'colcon_notification.desktop_notification.notify_send': Could not find 'notify-send'
[2.323s] INFO:colcon.colcon_core.plugin_system:Skipping extension 'colcon_notification.desktop_notification.terminal_notifier': Not used on non-Darwin systems
[2.323s] INFO:colcon.colcon_core.plugin_system:Skipping extension 'colcon_notification.desktop_notification.win32': Not used on non-Windows systems
[2.323s] INFO:colcon.colcon_notification.desktop_notification:Sending desktop notification using 'notify2'
[2.328s] DEBUG:colcon.colcon_notification.desktop_notification.notify2:Failed to initialize notify2: org.freedesktop.DBus.Error.Spawn.ExecFailed: /usr/bin/dbus-launch terminated abnormally without any error message
[2.329s] DEBUG:colcon.colcon_core.event_reactor:joined thread
[2.330s] INFO:colcon.colcon_core.shell:Creating prefix script '/turtlebot3_ws/src/turtlebot3_simulations/tbot3_tutorials/install/local_setup.ps1'
[2.331s] INFO:colcon.colcon_core.shell:Creating prefix util module '/turtlebot3_ws/src/turtlebot3_simulations/tbot3_tutorials/install/_local_setup_util_ps1.py'
[2.337s] INFO:colcon.colcon_core.shell:Creating prefix chain script '/turtlebot3_ws/src/turtlebot3_simulations/tbot3_tutorials/install/setup.ps1'
[2.340s] INFO:colcon.colcon_core.shell:Creating prefix script '/turtlebot3_ws/src/turtlebot3_simulations/tbot3_tutorials/install/local_setup.sh'
[2.340s] INFO:colcon.colcon_core.shell:Creating prefix util module '/turtlebot3_ws/src/turtlebot3_simulations/tbot3_tutorials/install/_local_setup_util_sh.py'
[2.341s] INFO:colcon.colcon_core.shell:Creating prefix chain script '/turtlebot3_ws/src/turtlebot3_simulations/tbot3_tutorials/install/setup.sh'
[2.343s] INFO:colcon.colcon_core.shell:Creating prefix script '/turtlebot3_ws/src/turtlebot3_simulations/tbot3_tutorials/install/local_setup.bash'
[2.343s] INFO:colcon.colcon_core.shell:Creating prefix chain script '/turtlebot3_ws/src/turtlebot3_simulations/tbot3_tutorials/install/setup.bash'
[2.344s] INFO:colcon.colcon_core.shell:Creating prefix script '/turtlebot3_ws/src/turtlebot3_simulations/tbot3_tutorials/install/local_setup.zsh'
[2.345s] INFO:colcon.colcon_core.shell:Creating prefix chain script '/turtlebot3_ws/src/turtlebot3_simulations/tbot3_tutorials/install/setup.zsh'
